<?xml version='1.0' encoding='UTF-8'?>
<testsuite hostname="DESKTOP-1Q70QCJ" name="com.akkademy.AkkademyDbSpec" tests="1" errors="0" failures="0" skipped="0" time="0.02">
                     <properties>
[...]
</properties>
                     <testcase classname="com.akkademy.AkkademyDbSpec" name="akkademyDb given SetRequest should place key/value into map" time="0.02">
                                                 
                                               </testcase>
                     <system-out><![CDATA[]]></system-out>
                     <system-err><![CDATA[]]></system-err>
                   </testsuite>